Arguments: 
  /Users/lesleychang/.nvm/versions/node/v16.10.0/bin/node /Users/lesleychang/.nvm/versions/node/v16.10.0/bin/yarn

PATH: 
  /Users/lesleychang/solana-1.7.13/bin:/usr/local/opt/coreutils/libexec/gnubin:/Users/lesleychang/.nvm/versions/node/v16.10.0/bin:/Users/lesleychang/.nvm/versions/node/v16.10.0/bin:/usr/local/bin:/usr/bin:/bin:/usr/sbin:/sbin:/Users/lesleychang/solana-1.7.13/bin:/usr/local/opt/coreutils/libexec/gnubin:/Users/lesleychang/.nvm/versions/node/v16.10.0/bin:/Users/lesleychang/.cargo/bin

Yarn version: 
  1.22.15

Node version: 
  16.10.0

Platform: 
  darwin arm64

Trace: 
  SyntaxError: /Users/lesleychang/faktor/package.json: Unexpected token } in JSON at position 71
      at JSON.parse (<anonymous>)
      at /Users/lesleychang/.nvm/versions/node/v16.10.0/lib/node_modules/yarn/lib/cli.js:1625:59
      at Generator.next (<anonymous>)
      at step (/Users/lesleychang/.nvm/versions/node/v16.10.0/lib/node_modules/yarn/lib/cli.js:310:30)
      at /Users/lesleychang/.nvm/versions/node/v16.10.0/lib/node_modules/yarn/lib/cli.js:321:13

npm manifest: 
  {
    "dependencies": {
      "@project-serum/anchor": "^0.17.1-beta.1",
    },
    "devDependencies": {
      "@types/mocha": "^9.0.0",
      "chai": "^4.3.4",
      "mocha": "^9.0.3"
    }
  }

yarn manifest: 
  No manifest

Lockfile: 
  No lockfile
